Build started 16.10.2014 12:25:48.
     1>Project "C:\Users\Cüneyt\documents\visual studio 2010\Projects\Web Filtre\Web Filtre\Web Filtre.vcxproj" on node 2 (build target(s)).
     1>InitializeBuildStatus:
         Creating "Debug\Web Filtre.unsuccessfulbuild" because "AlwaysCreate" was specified.
       ClCompile:
         C:\Program Files (x86)\Microsoft Visual Studio 10.0\VC\bin\CL.exe /c /ZI /nologo /W3 /WX- /Od /Oy- /D _MBCS /Gm /EHsc /RTC1 /MDd /GS /fp:precise /Zc:wchar_t /Zc:forScope /Fo"Debug\\" /Fd"Debug\vc100.pdb" /Gd /TP /analyze- /errorReport:prompt filtre.cpp
         filtre.cpp
       Link:
         C:\Program Files (x86)\Microsoft Visual Studio 10.0\VC\bin\link.exe /ERRORREPORT:PROMPT /OUT:"C:\Users\Cüneyt\documents\visual studio 2010\Projects\Web Filtre\Debug\Web Filtre.exe" /NOLOGO kernel32.lib user32.lib gdi32.lib winspool.lib comdlg32.lib advapi32.lib shell32.lib ole32.lib oleaut32.lib uuid.lib odbc32.lib odbccp32.lib /MANIFEST /ManifestFile:"Debug\Web Filtre.exe.intermediate.manifest" /MANIFESTUAC:"level='asInvoker' uiAccess='false'" /DEBUG /PDB:"C:\Users\Cüneyt\documents\visual studio 2010\Projects\Web Filtre\Debug\Web Filtre.pdb" /TLBID:1 /DYNAMICBASE /NXCOMPAT /IMPLIB:"C:\Users\Cüneyt\documents\visual studio 2010\Projects\Web Filtre\Debug\Web Filtre.lib" /MACHINE:X86 Debug\filtre.obj
         Debug\main.obj
         LINK : C:\Users\Cüneyt\documents\visual studio 2010\Projects\Web Filtre\Debug\Web Filtre.exe not found or not built by the last incremental link; performing full link
         Web Filtre.vcxproj -> C:\Users\Cüneyt\documents\visual studio 2010\Projects\Web Filtre\Debug\Web Filtre.exe
       Manifest:
         C:\Program Files (x86)\Microsoft SDKs\Windows\v7.0A\bin\mt.exe /nologo /verbose /outputresource:"C:\Users\Cüneyt\documents\visual studio 2010\Projects\Web Filtre\Debug\Web Filtre.exe;#1" /manifest "Debug\Web Filtre.exe.intermediate.manifest"
       FinalizeBuildStatus:
         Deleting file "Debug\Web Filtre.unsuccessfulbuild".
         Touching "Debug\Web Filtre.lastbuildstate".
     1>Done Building Project "C:\Users\Cüneyt\documents\visual studio 2010\Projects\Web Filtre\Web Filtre\Web Filtre.vcxproj" (build target(s)).

Build succeeded.

Time Elapsed 00:00:01.37
